[2014-08-05 15:08:21] myapp.INFO: Matched route "GET_" (parameters: "_controller": "{}", "_route": "GET_") [] []
[2014-08-05 15:08:21] myapp.CRITICAL: Doctrine\DBAL\DBALException: An exception occurred while executing 'SELECT `group_id` FROM `wp_groups_user_group` WHERE `user_id` = ?' with params [2]: SQLSTATE[3D000]: Invalid catalog name: 1046 No database selected (uncaught exception) at /home/mahendra/Repositories/mahendrakalkura/zonsidekick.com/vendor/doctrine/dbal/lib/Doctrine/DBAL/DBALException.php line 47 {"exception":"[object] (Doctrine\\DBAL\\DBALException: An exception occurred while executing 'SELECT `group_id` FROM `wp_groups_user_group` WHERE `user_id` = ?' with params [2]:\n\nSQLSTATE[3D000]: Invalid catalog name: 1046 No database selected at /home/mahendra/Repositories/mahendrakalkura/zonsidekick.com/vendor/doctrine/dbal/lib/Doctrine/DBAL/DBALException.php:47, PDOException: SQLSTATE[3D000]: Invalid catalog name: 1046 No database selected at /home/mahendra/Repositories/mahendrakalkura/zonsidekick.com/vendor/doctrine/dbal/lib/Doctrine/DBAL/Connection.php:643)"} []
[2014-08-05 15:08:21] myapp.INFO: < 500 [] []
[2014-08-05 15:08:21] myapp.DEBUG: SELECT `group_id` FROM `wp_groups_user_group` WHERE `user_id` = ? {"params":[2],"types":[]} []
[2014-08-05 15:08:51] myapp.INFO: Matched route "GET_" (parameters: "_controller": "{}", "_route": "GET_") [] []
[2014-08-05 15:08:51] myapp.INFO: > GET / [] []
[2014-08-05 15:08:51] myapp.INFO: < 302 [] []
[2014-08-05 15:08:51] myapp.DEBUG: SELECT `group_id` FROM `wp_groups_user_group` WHERE `user_id` = ? {"params":[2],"types":[]} []
[2014-08-05 15:08:51] myapp.INFO: Matched route "dashboard" (parameters: "_controller": "{}", "_route": "dashboard") [] []
[2014-08-05 15:08:51] myapp.INFO: > GET /dashboard [] []
[2014-08-05 15:08:51] myapp.INFO: < 200 [] []
[2014-08-05 15:08:51] myapp.DEBUG: SELECT `group_id` FROM `wp_groups_user_group` WHERE `user_id` = ? {"params":[2],"types":[]} []
[2014-08-05 15:08:52] myapp.INFO: Matched route "GET_" (parameters: "_controller": "{}", "_route": "GET_") [] []
[2014-08-05 15:08:52] myapp.INFO: > GET / [] []
[2014-08-05 15:08:52] myapp.INFO: < 302 [] []
[2014-08-05 15:08:52] myapp.DEBUG: SELECT `group_id` FROM `wp_groups_user_group` WHERE `user_id` = ? {"params":[2],"types":[]} []
[2014-08-05 15:08:52] myapp.INFO: Matched route "dashboard" (parameters: "_controller": "{}", "_route": "dashboard") [] []
[2014-08-05 15:08:52] myapp.INFO: > GET /dashboard [] []
[2014-08-05 15:08:52] myapp.INFO: < 200 [] []
[2014-08-05 15:08:52] myapp.DEBUG: SELECT `group_id` FROM `wp_groups_user_group` WHERE `user_id` = ? {"params":[2],"types":[]} []
[2014-08-05 15:17:12] myapp.INFO: Matched route "dashboard" (parameters: "_controller": "{}", "_route": "dashboard") [] []
[2014-08-05 15:17:12] myapp.INFO: > GET /dashboard [] []
[2014-08-05 15:17:12] myapp.INFO: < 200 [] []
[2014-08-05 15:17:12] myapp.DEBUG: SELECT `group_id` FROM `wp_groups_user_group` WHERE `user_id` = ? {"params":[2],"types":[]} []
[2014-08-05 15:17:59] myapp.INFO: Matched route "dashboard" (parameters: "_controller": "{}", "_route": "dashboard") [] []
[2014-08-05 15:17:59] myapp.INFO: > GET /dashboard [] []
[2014-08-05 15:17:59] myapp.INFO: < 200 [] []
[2014-08-05 15:17:59] myapp.DEBUG: SELECT `group_id` FROM `wp_groups_user_group` WHERE `user_id` = ? {"params":[1],"types":[]} []
[2014-08-05 15:18:01] myapp.INFO: Matched route "statistics" (parameters: "_controller": "{}", "_route": "statistics") [] []
[2014-08-05 15:18:01] myapp.INFO: > GET /statistics [] []
[2014-08-05 15:18:01] myapp.INFO: < 200 [] []
[2014-08-05 15:18:01] myapp.DEBUG: SELECT `group_id` FROM `wp_groups_user_group` WHERE `user_id` = ? {"params":[1],"types":[]} []
[2014-08-05 15:18:01] myapp.DEBUG: SELECT `ID` AS `id`, `display_name` FROM `wp_users` ORDER BY `ID` ASC {"params":[],"types":[]} []
[2014-08-05 15:18:01] myapp.DEBUG: SELECT * FROM `tools_requests` WHERE `user_id` = ? ORDER BY `timestamp` DESC {"params":["1"],"types":[]} []
[2014-08-05 15:18:04] myapp.INFO: Matched route "kns_overview" (parameters: "_controller": "{}", "_route": "kns_overview") [] []
[2014-08-05 15:18:04] myapp.INFO: > GET /kns/overview [] []
[2014-08-05 15:18:04] myapp.INFO: < 200 [] []
[2014-08-05 15:18:04] myapp.DEBUG: SELECT `group_id` FROM `wp_groups_user_group` WHERE `user_id` = ? {"params":[1],"types":[]} []
[2014-08-05 15:18:04] myapp.DEBUG: SELECT * FROM `tools_requests` WHERE `user_id` = ? ORDER BY `timestamp` DESC {"params":[1],"types":[]} []
[2014-08-05 15:18:06] myapp.INFO: Matched route "kns_add" (parameters: "_controller": "{}", "_route": "kns_add") [] []
[2014-08-05 15:18:06] myapp.INFO: > GET /kns/add [] []
[2014-08-05 15:18:06] myapp.INFO: < 200 [] []
[2014-08-05 15:18:06] myapp.DEBUG: SELECT `group_id` FROM `wp_groups_user_group` WHERE `user_id` = ? {"params":[1],"types":[]} []
[2014-08-05 15:18:10] myapp.INFO: Matched route "kns_process" (parameters: "_controller": "{}", "_route": "kns_process") [] []
[2014-08-05 15:18:10] myapp.INFO: > POST /kns/process [] []
[2014-08-05 15:18:10] myapp.INFO: < 302 [] []
[2014-08-05 15:18:10] myapp.DEBUG: SELECT `group_id` FROM `wp_groups_user_group` WHERE `user_id` = ? {"params":[1],"types":[]} []
[2014-08-05 15:18:10] myapp.DEBUG: INSERT INTO tools_requests (country, timestamp, user_id) VALUES (?, ?, ?) {"params":["com","2014-08-05 15:18:10",1],"types":[]} []
[2014-08-05 15:18:10] myapp.DEBUG: INSERT INTO tools_keywords (request_id, string) VALUES (?, ?) {"params":["1","apple"],"types":[]} []
[2014-08-05 15:18:10] myapp.INFO: Matched route "kns_simple" (parameters: "_controller": "{}", "id": "1", "_route": "kns_simple") [] []
[2014-08-05 15:18:10] myapp.INFO: > GET /kns/1/simple [] []
[2014-08-05 15:18:10] myapp.INFO: < 200 [] []
[2014-08-05 15:18:10] myapp.DEBUG: SELECT `group_id` FROM `wp_groups_user_group` WHERE `user_id` = ? {"params":[1],"types":[]} []
[2014-08-05 15:18:10] myapp.DEBUG: SELECT * FROM `tools_requests` WHERE `id` = ? AND `user_id` = ? {"params":["1",1],"types":[]} []
[2014-08-05 15:18:10] myapp.DEBUG: SELECT * FROM `tools_keywords` WHERE `request_id` = ? {"params":["1"],"types":[]} []
[2014-08-05 15:18:10] myapp.INFO: Matched route "kns_xhr" (parameters: "_controller": "{}", "id": "1", "_route": "kns_xhr") [] []
[2014-08-05 15:18:10] myapp.INFO: > POST /kns/1/xhr [] []
[2014-08-05 15:18:10] myapp.INFO: < 200 [] []
[2014-08-05 15:18:10] myapp.DEBUG: SELECT `group_id` FROM `wp_groups_user_group` WHERE `user_id` = ? {"params":[1],"types":[]} []
[2014-08-05 15:18:10] myapp.DEBUG: SELECT * FROM `tools_requests` WHERE `id` = ? AND `user_id` = ? {"params":["1",1],"types":[]} []
[2014-08-05 15:18:10] myapp.DEBUG: SELECT * FROM `tools_keywords` WHERE `request_id` = ? {"params":["1"],"types":[]} []
[2014-08-05 15:18:25] myapp.INFO: Matched route "kns_xhr" (parameters: "_controller": "{}", "id": "1", "_route": "kns_xhr") [] []
[2014-08-05 15:18:25] myapp.INFO: > POST /kns/1/xhr [] []
[2014-08-05 15:18:25] myapp.INFO: < 200 [] []
[2014-08-05 15:18:25] myapp.DEBUG: SELECT `group_id` FROM `wp_groups_user_group` WHERE `user_id` = ? {"params":[1],"types":[]} []
[2014-08-05 15:18:25] myapp.DEBUG: SELECT * FROM `tools_requests` WHERE `id` = ? AND `user_id` = ? {"params":["1",1],"types":[]} []
[2014-08-05 15:18:25] myapp.DEBUG: SELECT * FROM `tools_keywords` WHERE `request_id` = ? {"params":["1"],"types":[]} []
[2014-08-05 15:18:40] myapp.INFO: Matched route "kns_xhr" (parameters: "_controller": "{}", "id": "1", "_route": "kns_xhr") [] []
[2014-08-05 15:18:40] myapp.INFO: > POST /kns/1/xhr [] []
[2014-08-05 15:18:40] myapp.INFO: < 200 [] []
[2014-08-05 15:18:40] myapp.DEBUG: SELECT `group_id` FROM `wp_groups_user_group` WHERE `user_id` = ? {"params":[1],"types":[]} []
[2014-08-05 15:18:40] myapp.DEBUG: SELECT * FROM `tools_requests` WHERE `id` = ? AND `user_id` = ? {"params":["1",1],"types":[]} []
[2014-08-05 15:18:40] myapp.DEBUG: SELECT * FROM `tools_keywords` WHERE `request_id` = ? {"params":["1"],"types":[]} []
[2014-08-05 15:18:55] myapp.INFO: Matched route "kns_xhr" (parameters: "_controller": "{}", "id": "1", "_route": "kns_xhr") [] []
[2014-08-05 15:18:55] myapp.INFO: > POST /kns/1/xhr [] []
[2014-08-05 15:18:55] myapp.INFO: < 200 [] []
[2014-08-05 15:18:55] myapp.DEBUG: SELECT `group_id` FROM `wp_groups_user_group` WHERE `user_id` = ? {"params":[1],"types":[]} []
[2014-08-05 15:18:55] myapp.DEBUG: SELECT * FROM `tools_requests` WHERE `id` = ? AND `user_id` = ? {"params":["1",1],"types":[]} []
[2014-08-05 15:18:55] myapp.DEBUG: SELECT * FROM `tools_keywords` WHERE `request_id` = ? {"params":["1"],"types":[]} []
[2014-08-05 15:19:10] myapp.INFO: Matched route "kns_xhr" (parameters: "_controller": "{}", "id": "1", "_route": "kns_xhr") [] []
[2014-08-05 15:19:10] myapp.INFO: > POST /kns/1/xhr [] []
[2014-08-05 15:19:10] myapp.INFO: < 200 [] []
[2014-08-05 15:19:10] myapp.DEBUG: SELECT `group_id` FROM `wp_groups_user_group` WHERE `user_id` = ? {"params":[1],"types":[]} []
[2014-08-05 15:19:10] myapp.DEBUG: SELECT * FROM `tools_requests` WHERE `id` = ? AND `user_id` = ? {"params":["1",1],"types":[]} []
[2014-08-05 15:19:10] myapp.DEBUG: SELECT * FROM `tools_keywords` WHERE `request_id` = ? {"params":["1"],"types":[]} []
[2014-08-05 15:19:25] myapp.INFO: Matched route "kns_xhr" (parameters: "_controller": "{}", "id": "1", "_route": "kns_xhr") [] []
[2014-08-05 15:19:25] myapp.INFO: > POST /kns/1/xhr [] []
[2014-08-05 15:19:25] myapp.INFO: < 200 [] []
[2014-08-05 15:19:25] myapp.DEBUG: SELECT `group_id` FROM `wp_groups_user_group` WHERE `user_id` = ? {"params":[1],"types":[]} []
[2014-08-05 15:19:25] myapp.DEBUG: SELECT * FROM `tools_requests` WHERE `id` = ? AND `user_id` = ? {"params":["1",1],"types":[]} []
[2014-08-05 15:19:25] myapp.DEBUG: SELECT * FROM `tools_keywords` WHERE `request_id` = ? {"params":["1"],"types":[]} []
[2014-08-05 15:19:40] myapp.INFO: Matched route "kns_xhr" (parameters: "_controller": "{}", "id": "1", "_route": "kns_xhr") [] []
[2014-08-05 15:19:41] myapp.INFO: > POST /kns/1/xhr [] []
[2014-08-05 15:19:41] myapp.INFO: < 200 [] []
[2014-08-05 15:19:41] myapp.DEBUG: SELECT `group_id` FROM `wp_groups_user_group` WHERE `user_id` = ? {"params":[1],"types":[]} []
[2014-08-05 15:19:41] myapp.DEBUG: SELECT * FROM `tools_requests` WHERE `id` = ? AND `user_id` = ? {"params":["1",1],"types":[]} []
[2014-08-05 15:19:41] myapp.DEBUG: SELECT * FROM `tools_keywords` WHERE `request_id` = ? {"params":["1"],"types":[]} []
[2014-08-05 15:19:56] myapp.INFO: Matched route "kns_xhr" (parameters: "_controller": "{}", "id": "1", "_route": "kns_xhr") [] []
[2014-08-05 15:19:56] myapp.INFO: > POST /kns/1/xhr [] []
[2014-08-05 15:19:56] myapp.INFO: < 200 [] []
[2014-08-05 15:19:56] myapp.DEBUG: SELECT `group_id` FROM `wp_groups_user_group` WHERE `user_id` = ? {"params":[1],"types":[]} []
[2014-08-05 15:19:56] myapp.DEBUG: SELECT * FROM `tools_requests` WHERE `id` = ? AND `user_id` = ? {"params":["1",1],"types":[]} []
[2014-08-05 15:19:56] myapp.DEBUG: SELECT * FROM `tools_keywords` WHERE `request_id` = ? {"params":["1"],"types":[]} []
[2014-08-05 15:20:11] myapp.INFO: Matched route "kns_xhr" (parameters: "_controller": "{}", "id": "1", "_route": "kns_xhr") [] []
[2014-08-05 15:20:11] myapp.INFO: > POST /kns/1/xhr [] []
[2014-08-05 15:20:11] myapp.INFO: < 200 [] []
[2014-08-05 15:20:11] myapp.DEBUG: SELECT `group_id` FROM `wp_groups_user_group` WHERE `user_id` = ? {"params":[1],"types":[]} []
[2014-08-05 15:20:11] myapp.DEBUG: SELECT * FROM `tools_requests` WHERE `id` = ? AND `user_id` = ? {"params":["1",1],"types":[]} []
[2014-08-05 15:20:11] myapp.DEBUG: SELECT * FROM `tools_keywords` WHERE `request_id` = ? {"params":["1"],"types":[]} []
[2014-08-05 15:20:26] myapp.INFO: Matched route "kns_xhr" (parameters: "_controller": "{}", "id": "1", "_route": "kns_xhr") [] []
[2014-08-05 15:20:26] myapp.INFO: > POST /kns/1/xhr [] []
[2014-08-05 15:20:26] myapp.INFO: < 200 [] []
[2014-08-05 15:20:26] myapp.DEBUG: SELECT `group_id` FROM `wp_groups_user_group` WHERE `user_id` = ? {"params":[1],"types":[]} []
[2014-08-05 15:20:26] myapp.DEBUG: SELECT * FROM `tools_requests` WHERE `id` = ? AND `user_id` = ? {"params":["1",1],"types":[]} []
[2014-08-05 15:20:26] myapp.DEBUG: SELECT * FROM `tools_keywords` WHERE `request_id` = ? {"params":["1"],"types":[]} []
[2014-08-05 15:20:41] myapp.INFO: Matched route "kns_xhr" (parameters: "_controller": "{}", "id": "1", "_route": "kns_xhr") [] []
[2014-08-05 15:20:41] myapp.INFO: > POST /kns/1/xhr [] []
[2014-08-05 15:20:41] myapp.INFO: < 200 [] []
[2014-08-05 15:20:41] myapp.DEBUG: SELECT `group_id` FROM `wp_groups_user_group` WHERE `user_id` = ? {"params":[1],"types":[]} []
[2014-08-05 15:20:41] myapp.DEBUG: SELECT * FROM `tools_requests` WHERE `id` = ? AND `user_id` = ? {"params":["1",1],"types":[]} []
[2014-08-05 15:20:41] myapp.DEBUG: SELECT * FROM `tools_keywords` WHERE `request_id` = ? {"params":["1"],"types":[]} []
[2014-08-05 15:20:57] myapp.INFO: Matched route "kns_xhr" (parameters: "_controller": "{}", "id": "1", "_route": "kns_xhr") [] []
[2014-08-05 15:20:57] myapp.INFO: > POST /kns/1/xhr [] []
[2014-08-05 15:20:57] myapp.INFO: < 200 [] []
[2014-08-05 15:20:57] myapp.DEBUG: SELECT `group_id` FROM `wp_groups_user_group` WHERE `user_id` = ? {"params":[1],"types":[]} []
[2014-08-05 15:20:57] myapp.DEBUG: SELECT * FROM `tools_requests` WHERE `id` = ? AND `user_id` = ? {"params":["1",1],"types":[]} []
[2014-08-05 15:20:57] myapp.DEBUG: SELECT * FROM `tools_keywords` WHERE `request_id` = ? {"params":["1"],"types":[]} []
[2014-08-05 15:21:13] myapp.INFO: Matched route "kns_xhr" (parameters: "_controller": "{}", "id": "1", "_route": "kns_xhr") [] []
[2014-08-05 15:21:13] myapp.INFO: > POST /kns/1/xhr [] []
[2014-08-05 15:21:13] myapp.INFO: < 200 [] []
[2014-08-05 15:21:13] myapp.DEBUG: SELECT `group_id` FROM `wp_groups_user_group` WHERE `user_id` = ? {"params":[1],"types":[]} []
[2014-08-05 15:21:13] myapp.DEBUG: SELECT * FROM `tools_requests` WHERE `id` = ? AND `user_id` = ? {"params":["1",1],"types":[]} []
[2014-08-05 15:21:13] myapp.DEBUG: SELECT * FROM `tools_keywords` WHERE `request_id` = ? {"params":["1"],"types":[]} []
[2014-08-05 15:21:29] myapp.INFO: Matched route "kns_xhr" (parameters: "_controller": "{}", "id": "1", "_route": "kns_xhr") [] []
[2014-08-05 15:21:29] myapp.INFO: > POST /kns/1/xhr [] []
[2014-08-05 15:21:29] myapp.INFO: < 200 [] []
[2014-08-05 15:21:29] myapp.DEBUG: SELECT `group_id` FROM `wp_groups_user_group` WHERE `user_id` = ? {"params":[1],"types":[]} []
[2014-08-05 15:21:29] myapp.DEBUG: SELECT * FROM `tools_requests` WHERE `id` = ? AND `user_id` = ? {"params":["1",1],"types":[]} []
[2014-08-05 15:21:29] myapp.DEBUG: SELECT * FROM `tools_keywords` WHERE `request_id` = ? {"params":["1"],"types":[]} []
[2014-08-05 15:21:45] myapp.INFO: Matched route "kns_xhr" (parameters: "_controller": "{}", "id": "1", "_route": "kns_xhr") [] []
[2014-08-05 15:21:45] myapp.INFO: > POST /kns/1/xhr [] []
[2014-08-05 15:21:45] myapp.INFO: < 200 [] []
[2014-08-05 15:21:45] myapp.DEBUG: SELECT `group_id` FROM `wp_groups_user_group` WHERE `user_id` = ? {"params":[1],"types":[]} []
[2014-08-05 15:21:45] myapp.DEBUG: SELECT * FROM `tools_requests` WHERE `id` = ? AND `user_id` = ? {"params":["1",1],"types":[]} []
[2014-08-05 15:21:45] myapp.DEBUG: SELECT * FROM `tools_keywords` WHERE `request_id` = ? {"params":["1"],"types":[]} []
[2014-08-05 15:22:01] myapp.INFO: Matched route "kns_xhr" (parameters: "_controller": "{}", "id": "1", "_route": "kns_xhr") [] []
[2014-08-05 15:22:01] myapp.INFO: > POST /kns/1/xhr [] []
[2014-08-05 15:22:01] myapp.INFO: < 200 [] []
[2014-08-05 15:22:01] myapp.DEBUG: SELECT `group_id` FROM `wp_groups_user_group` WHERE `user_id` = ? {"params":[1],"types":[]} []
[2014-08-05 15:22:01] myapp.DEBUG: SELECT * FROM `tools_requests` WHERE `id` = ? AND `user_id` = ? {"params":["1",1],"types":[]} []
[2014-08-05 15:22:01] myapp.DEBUG: SELECT * FROM `tools_keywords` WHERE `request_id` = ? {"params":["1"],"types":[]} []
[2014-08-05 15:22:17] myapp.INFO: Matched route "kns_xhr" (parameters: "_controller": "{}", "id": "1", "_route": "kns_xhr") [] []
[2014-08-05 15:22:17] myapp.INFO: > POST /kns/1/xhr [] []
[2014-08-05 15:22:17] myapp.INFO: < 200 [] []
[2014-08-05 15:22:17] myapp.DEBUG: SELECT `group_id` FROM `wp_groups_user_group` WHERE `user_id` = ? {"params":[1],"types":[]} []
[2014-08-05 15:22:17] myapp.DEBUG: SELECT * FROM `tools_requests` WHERE `id` = ? AND `user_id` = ? {"params":["1",1],"types":[]} []
[2014-08-05 15:22:17] myapp.DEBUG: SELECT * FROM `tools_keywords` WHERE `request_id` = ? {"params":["1"],"types":[]} []
[2014-08-05 15:22:33] myapp.INFO: Matched route "kns_xhr" (parameters: "_controller": "{}", "id": "1", "_route": "kns_xhr") [] []
[2014-08-05 15:22:33] myapp.INFO: > POST /kns/1/xhr [] []
[2014-08-05 15:22:33] myapp.INFO: < 200 [] []
[2014-08-05 15:22:33] myapp.DEBUG: SELECT `group_id` FROM `wp_groups_user_group` WHERE `user_id` = ? {"params":[1],"types":[]} []
[2014-08-05 15:22:33] myapp.DEBUG: SELECT * FROM `tools_requests` WHERE `id` = ? AND `user_id` = ? {"params":["1",1],"types":[]} []
[2014-08-05 15:22:33] myapp.DEBUG: SELECT * FROM `tools_keywords` WHERE `request_id` = ? {"params":["1"],"types":[]} []
[2014-08-05 15:22:49] myapp.INFO: Matched route "kns_xhr" (parameters: "_controller": "{}", "id": "1", "_route": "kns_xhr") [] []
[2014-08-05 15:22:49] myapp.INFO: > POST /kns/1/xhr [] []
[2014-08-05 15:22:49] myapp.INFO: < 200 [] []
[2014-08-05 15:22:49] myapp.DEBUG: SELECT `group_id` FROM `wp_groups_user_group` WHERE `user_id` = ? {"params":[1],"types":[]} []
[2014-08-05 15:22:49] myapp.DEBUG: SELECT * FROM `tools_requests` WHERE `id` = ? AND `user_id` = ? {"params":["1",1],"types":[]} []
[2014-08-05 15:22:49] myapp.DEBUG: SELECT * FROM `tools_keywords` WHERE `request_id` = ? {"params":["1"],"types":[]} []
[2014-08-05 15:23:05] myapp.INFO: Matched route "kns_xhr" (parameters: "_controller": "{}", "id": "1", "_route": "kns_xhr") [] []
[2014-08-05 15:23:05] myapp.INFO: > POST /kns/1/xhr [] []
[2014-08-05 15:23:05] myapp.INFO: < 200 [] []
[2014-08-05 15:23:05] myapp.DEBUG: SELECT `group_id` FROM `wp_groups_user_group` WHERE `user_id` = ? {"params":[1],"types":[]} []
[2014-08-05 15:23:05] myapp.DEBUG: SELECT * FROM `tools_requests` WHERE `id` = ? AND `user_id` = ? {"params":["1",1],"types":[]} []
[2014-08-05 15:23:05] myapp.DEBUG: SELECT * FROM `tools_keywords` WHERE `request_id` = ? {"params":["1"],"types":[]} []
[2014-08-05 15:23:21] myapp.INFO: Matched route "kns_xhr" (parameters: "_controller": "{}", "id": "1", "_route": "kns_xhr") [] []
[2014-08-05 15:23:21] myapp.INFO: > POST /kns/1/xhr [] []
[2014-08-05 15:23:21] myapp.INFO: < 200 [] []
[2014-08-05 15:23:21] myapp.DEBUG: SELECT `group_id` FROM `wp_groups_user_group` WHERE `user_id` = ? {"params":[1],"types":[]} []
[2014-08-05 15:23:21] myapp.DEBUG: SELECT * FROM `tools_requests` WHERE `id` = ? AND `user_id` = ? {"params":["1",1],"types":[]} []
[2014-08-05 15:23:21] myapp.DEBUG: SELECT * FROM `tools_keywords` WHERE `request_id` = ? {"params":["1"],"types":[]} []
[2014-08-05 15:23:37] myapp.INFO: Matched route "kns_xhr" (parameters: "_controller": "{}", "id": "1", "_route": "kns_xhr") [] []
[2014-08-05 15:23:37] myapp.INFO: > POST /kns/1/xhr [] []
[2014-08-05 15:23:37] myapp.INFO: < 200 [] []
[2014-08-05 15:23:37] myapp.DEBUG: SELECT `group_id` FROM `wp_groups_user_group` WHERE `user_id` = ? {"params":[1],"types":[]} []
[2014-08-05 15:23:37] myapp.DEBUG: SELECT * FROM `tools_requests` WHERE `id` = ? AND `user_id` = ? {"params":["1",1],"types":[]} []
[2014-08-05 15:23:37] myapp.DEBUG: SELECT * FROM `tools_keywords` WHERE `request_id` = ? {"params":["1"],"types":[]} []
[2014-08-05 15:23:53] myapp.INFO: Matched route "kns_xhr" (parameters: "_controller": "{}", "id": "1", "_route": "kns_xhr") [] []
[2014-08-05 15:23:53] myapp.INFO: > POST /kns/1/xhr [] []
[2014-08-05 15:23:53] myapp.INFO: < 200 [] []
[2014-08-05 15:23:53] myapp.DEBUG: SELECT `group_id` FROM `wp_groups_user_group` WHERE `user_id` = ? {"params":[1],"types":[]} []
[2014-08-05 15:23:53] myapp.DEBUG: SELECT * FROM `tools_requests` WHERE `id` = ? AND `user_id` = ? {"params":["1",1],"types":[]} []
[2014-08-05 15:23:53] myapp.DEBUG: SELECT * FROM `tools_keywords` WHERE `request_id` = ? {"params":["1"],"types":[]} []
[2014-08-05 15:24:09] myapp.INFO: Matched route "kns_xhr" (parameters: "_controller": "{}", "id": "1", "_route": "kns_xhr") [] []
[2014-08-05 15:24:09] myapp.INFO: > POST /kns/1/xhr [] []
[2014-08-05 15:24:09] myapp.INFO: < 200 [] []
[2014-08-05 15:24:09] myapp.DEBUG: SELECT `group_id` FROM `wp_groups_user_group` WHERE `user_id` = ? {"params":[1],"types":[]} []
[2014-08-05 15:24:09] myapp.DEBUG: SELECT * FROM `tools_requests` WHERE `id` = ? AND `user_id` = ? {"params":["1",1],"types":[]} []
[2014-08-05 15:24:09] myapp.DEBUG: SELECT * FROM `tools_keywords` WHERE `request_id` = ? {"params":["1"],"types":[]} []
[2014-08-05 15:24:25] myapp.INFO: Matched route "kns_xhr" (parameters: "_controller": "{}", "id": "1", "_route": "kns_xhr") [] []
[2014-08-05 15:24:25] myapp.INFO: > POST /kns/1/xhr [] []
[2014-08-05 15:24:25] myapp.INFO: < 200 [] []
[2014-08-05 15:24:25] myapp.DEBUG: SELECT `group_id` FROM `wp_groups_user_group` WHERE `user_id` = ? {"params":[1],"types":[]} []
[2014-08-05 15:24:25] myapp.DEBUG: SELECT * FROM `tools_requests` WHERE `id` = ? AND `user_id` = ? {"params":["1",1],"types":[]} []
[2014-08-05 15:24:25] myapp.DEBUG: SELECT * FROM `tools_keywords` WHERE `request_id` = ? {"params":["1"],"types":[]} []
[2014-08-05 15:24:41] myapp.INFO: Matched route "kns_xhr" (parameters: "_controller": "{}", "id": "1", "_route": "kns_xhr") [] []
[2014-08-05 15:24:41] myapp.INFO: > POST /kns/1/xhr [] []
[2014-08-05 15:24:41] myapp.INFO: < 200 [] []
[2014-08-05 15:24:41] myapp.DEBUG: SELECT `group_id` FROM `wp_groups_user_group` WHERE `user_id` = ? {"params":[1],"types":[]} []
[2014-08-05 15:24:41] myapp.DEBUG: SELECT * FROM `tools_requests` WHERE `id` = ? AND `user_id` = ? {"params":["1",1],"types":[]} []
[2014-08-05 15:24:41] myapp.DEBUG: SELECT * FROM `tools_keywords` WHERE `request_id` = ? {"params":["1"],"types":[]} []
[2014-08-05 15:24:57] myapp.INFO: Matched route "kns_xhr" (parameters: "_controller": "{}", "id": "1", "_route": "kns_xhr") [] []
[2014-08-05 15:24:57] myapp.INFO: > POST /kns/1/xhr [] []
[2014-08-05 15:24:57] myapp.INFO: < 200 [] []
[2014-08-05 15:24:57] myapp.DEBUG: SELECT `group_id` FROM `wp_groups_user_group` WHERE `user_id` = ? {"params":[1],"types":[]} []
[2014-08-05 15:24:57] myapp.DEBUG: SELECT * FROM `tools_requests` WHERE `id` = ? AND `user_id` = ? {"params":["1",1],"types":[]} []
[2014-08-05 15:24:57] myapp.DEBUG: SELECT * FROM `tools_keywords` WHERE `request_id` = ? {"params":["1"],"types":[]} []
[2014-08-05 15:25:13] myapp.INFO: Matched route "kns_xhr" (parameters: "_controller": "{}", "id": "1", "_route": "kns_xhr") [] []
[2014-08-05 15:25:13] myapp.INFO: > POST /kns/1/xhr [] []
[2014-08-05 15:25:13] myapp.INFO: < 200 [] []
[2014-08-05 15:25:13] myapp.DEBUG: SELECT `group_id` FROM `wp_groups_user_group` WHERE `user_id` = ? {"params":[1],"types":[]} []
[2014-08-05 15:25:13] myapp.DEBUG: SELECT * FROM `tools_requests` WHERE `id` = ? AND `user_id` = ? {"params":["1",1],"types":[]} []
[2014-08-05 15:25:13] myapp.DEBUG: SELECT * FROM `tools_keywords` WHERE `request_id` = ? {"params":["1"],"types":[]} []
[2014-08-05 15:25:23] myapp.INFO: Matched route "kns_detailed" (parameters: "_controller": "{}", "id": "1", "_route": "kns_detailed") [] []
[2014-08-05 15:25:23] myapp.INFO: > GET /kns/1/detailed [] []
[2014-08-05 15:25:23] myapp.CRITICAL: Twig_Error_Syntax: Unexpected ")" in "views/kns_detailed.twig" at line 91 (uncaught exception) at /home/mahendra/Repositories/mahendrakalkura/zonsidekick.com/vendor/twig/twig/lib/Twig/Lexer.php line 259 {"exception":"[object] (Twig_Error_Syntax: Unexpected \")\" in \"views/kns_detailed.twig\" at line 91 at /home/mahendra/Repositories/mahendrakalkura/zonsidekick.com/vendor/twig/twig/lib/Twig/Lexer.php:259)"} []
[2014-08-05 15:25:23] myapp.INFO: < 500 [] []
[2014-08-05 15:25:23] myapp.DEBUG: SELECT `group_id` FROM `wp_groups_user_group` WHERE `user_id` = ? {"params":[1],"types":[]} []
[2014-08-05 15:25:23] myapp.DEBUG: SELECT * FROM `tools_requests` WHERE `id` = ? AND `user_id` = ? {"params":["1",1],"types":[]} []
[2014-08-05 15:25:23] myapp.DEBUG: SELECT * FROM `tools_keywords` WHERE `request_id` = ? {"params":["1"],"types":[]} []
[2014-08-05 15:25:29] myapp.INFO: Matched route "kns_xhr" (parameters: "_controller": "{}", "id": "1", "_route": "kns_xhr") [] []
[2014-08-05 15:25:29] myapp.INFO: > POST /kns/1/xhr [] []
[2014-08-05 15:25:29] myapp.INFO: < 200 [] []
[2014-08-05 15:25:29] myapp.DEBUG: SELECT `group_id` FROM `wp_groups_user_group` WHERE `user_id` = ? {"params":[1],"types":[]} []
[2014-08-05 15:25:29] myapp.DEBUG: SELECT * FROM `tools_requests` WHERE `id` = ? AND `user_id` = ? {"params":["1",1],"types":[]} []
[2014-08-05 15:25:29] myapp.DEBUG: SELECT * FROM `tools_keywords` WHERE `request_id` = ? {"params":["1"],"types":[]} []
[2014-08-05 15:25:37] myapp.INFO: Matched route "kns_detailed" (parameters: "_controller": "{}", "id": "1", "_route": "kns_detailed") [] []
[2014-08-05 15:25:37] myapp.INFO: > GET /kns/1/detailed [] []
[2014-08-05 15:25:37] myapp.CRITICAL: Twig_Error_Syntax: The filter "number" does not exist. Did you mean "number_format" in "views/kns_detailed.twig" at line 91 (uncaught exception) at /home/mahendra/Repositories/mahendrakalkura/zonsidekick.com/vendor/twig/twig/lib/Twig/ExpressionParser.php line 573 {"exception":"[object] (Twig_Error_Syntax: The filter \"number\" does not exist. Did you mean \"number_format\" in \"views/kns_detailed.twig\" at line 91 at /home/mahendra/Repositories/mahendrakalkura/zonsidekick.com/vendor/twig/twig/lib/Twig/ExpressionParser.php:573)"} []
[2014-08-05 15:25:37] myapp.INFO: < 500 [] []
[2014-08-05 15:25:37] myapp.DEBUG: SELECT `group_id` FROM `wp_groups_user_group` WHERE `user_id` = ? {"params":[1],"types":[]} []
[2014-08-05 15:25:37] myapp.DEBUG: SELECT * FROM `tools_requests` WHERE `id` = ? AND `user_id` = ? {"params":["1",1],"types":[]} []
[2014-08-05 15:25:37] myapp.DEBUG: SELECT * FROM `tools_keywords` WHERE `request_id` = ? {"params":["1"],"types":[]} []
[2014-08-05 15:25:45] myapp.INFO: Matched route "kns_xhr" (parameters: "_controller": "{}", "id": "1", "_route": "kns_xhr") [] []
[2014-08-05 15:25:45] myapp.INFO: > POST /kns/1/xhr [] []
[2014-08-05 15:25:45] myapp.INFO: < 200 [] []
[2014-08-05 15:25:45] myapp.DEBUG: SELECT `group_id` FROM `wp_groups_user_group` WHERE `user_id` = ? {"params":[1],"types":[]} []
[2014-08-05 15:25:45] myapp.DEBUG: SELECT * FROM `tools_requests` WHERE `id` = ? AND `user_id` = ? {"params":["1",1],"types":[]} []
[2014-08-05 15:25:45] myapp.DEBUG: SELECT * FROM `tools_keywords` WHERE `request_id` = ? {"params":["1"],"types":[]} []
[2014-08-05 15:26:16] myapp.INFO: Matched route "kns_detailed" (parameters: "_controller": "{}", "id": "1", "_route": "kns_detailed") [] []
[2014-08-05 15:26:16] myapp.INFO: > GET /kns/1/detailed [] []
[2014-08-05 15:26:16] myapp.INFO: < 200 [] []
[2014-08-05 15:26:16] myapp.DEBUG: SELECT `group_id` FROM `wp_groups_user_group` WHERE `user_id` = ? {"params":[1],"types":[]} []
[2014-08-05 15:26:16] myapp.DEBUG: SELECT * FROM `tools_requests` WHERE `id` = ? AND `user_id` = ? {"params":["1",1],"types":[]} []
[2014-08-05 15:26:16] myapp.DEBUG: SELECT * FROM `tools_keywords` WHERE `request_id` = ? {"params":["1"],"types":[]} []
[2014-08-05 15:26:17] myapp.INFO: Matched route "kns_xhr" (parameters: "_controller": "{}", "id": "1", "_route": "kns_xhr") [] []
[2014-08-05 15:26:17] myapp.INFO: > POST /kns/1/xhr [] []
[2014-08-05 15:26:17] myapp.INFO: < 200 [] []
[2014-08-05 15:26:17] myapp.DEBUG: SELECT `group_id` FROM `wp_groups_user_group` WHERE `user_id` = ? {"params":[1],"types":[]} []
[2014-08-05 15:26:17] myapp.DEBUG: SELECT * FROM `tools_requests` WHERE `id` = ? AND `user_id` = ? {"params":["1",1],"types":[]} []
[2014-08-05 15:26:17] myapp.DEBUG: SELECT * FROM `tools_keywords` WHERE `request_id` = ? {"params":["1"],"types":[]} []
